211256
211256
211256
211256
211256
211256
211256
211256
211256
211257
211257
211257
211257
211257
211257
211257
211257
211257
211258
211258
211258
211258
211258
211258
211258
211258
211258
211259
211259
211259
211259
211259
211259
211259
211259
211259
211300
211300
211300
211300
211300
211300
211300
211300
211300
211301
211301
211301
211301
211301
211301
211301
211301
211301
211302
211302
211302
211302
211302
211302
211302
211302
211302
211303
211303
211303
211303
211303
211303
211303
211303
211303
211304
211304
211304
211304
211304
211304
211304
211304
211304
211305
211305
211305
211305
211305
211305
211305
211305
211305
211306
211306
211306
211306
211306
211306
211306
211306
211306
211307
211307
211307
211307
211307
211307
211307
211307
211307
211307
211308
211308
211308
211308
211308
211308
211308
211308
211308
211309
211309
211309
211309
211309
211309
211309
211309
211309
211310
211310
211310
211310
211310
211310
211310
211310
211310
211311
211311
211311
211311
211311
211311
211311
211311
211311
211312
211312
211312
211312
211312
211312
211312
211312
211312
211313
211313
211313
211313
211313
211313
211313
211313
211313
211314
211314
211314
211314
211314
211314
211314
211314
211314
211315
211315
211315
211315
211315
211315
211315
211315
211315
211316
211316
211316
211316
211316
211316
211316
211316
211316
211317
211317
211317
211317
211317
211317
211317
211317
211317
211318
211318
211318
211318
211318
211318
211318
211318
211318
211319
211319
211319
211319
211319
211319
211319
211319
211319
211320
211320
211320
211320
211320
211320
211320
211320
211320
211321
211321
211321
211321
211321
211321
211321
211321
211321
211321
211322
211322
211322
211322
211322
211322
211322
211322
211322
211323
211323
211323
211323
211323
211323
211323
211323
211323
211324
211324
211324
211324
211324
211324
211324
211324
211324
211325
211325
211325
211325
211325
211325
211325
211325
211325
211326
211326
211326
211326
211326
211326
211326
211326
211326
211327
211327
211327
211327
211327
211327
211327
211327
211327
211328
211328
211328
211328
211328
211328
211328
211328
211328
211329
211329
211329
211329
211329
211329
211329
211329
211329
211329
211330
211330
211330
211330
211330
211330
211330
211330
211331
211331
211331
211331
211331
211331
211331
211331
211331
211331
211332
211332
211332
211332
211332
211332
211332
211332
211332
211333
211333
211333
211333
211333
211333
211333
211333
211333
211334
211334
211334
211334
211334
211334
211334
211334
211334
211335
211335
211335
211335
211335
211335
211335
211335
211335
211336
211336
211336
211336
211336
211336
211336
211336
211336
211337
211337
211337
211337
211337
211337
211337
211337
211337
211338
211338
211338
211338
211338
211338
211338
211338
211338
211339
211339
211339
211339
211339
211339
211339
211339
211339
211340
211340
211340
211340
211340
211340
211340
211340
211341
211341
211341
211341
211341
211341
211341
211341
211341
211342
211342
211342
211342
211342
211342
211342
211342
211342
211343
211343
211343
211343
211343
211343
211343
211343
211343
211344
211344
211344
211344
211344
211344
211344
211344
211344
211344
211345
211345
211345
211345
211345
211345
211345
211345
211345
211346
211346
211346
211346
211346
211346
211346
211346
211346
211347
211347
211347
211347
211347
211347
211347
211347
211347
211348
211348
211348
211348
211348
211348
211348
211348
211348
211349
211349
211349
211349
211349
211349
211349
211349
211349
211350
211350
211350
211350
211350
211350
211350
211350
211350
211351
211351
211351
211351
211351
211351
211351
211351
211351
211352
211352
211352
211352
211352
211352
211352
211352
211352
211353
211353
211353
211353
211353
211353
211353
211353
211353
211354
211354
211354
211354
211354
211354
211354
211354
211355
211355
211355
211355
211355
211355
211355
211355
211355
211355
211356
211356
211356
211356
211356
211356
211356
211356
211356
211357
211357
211357
211357
211357
211357
211357
211357
211357
211358
211358
211358
211358
211358
211358
211358
211358
211358
211359
211359
211359
211359
211359
211359
211359
211359
211359
211400
211400
211400
211400
211400
211400
211400
211400
211400
211401
211401
211401
211401
211401
211401
211401
211401
211401
211402
211402
211402
211402
211402
211402
211402
211402
211402
211403
211403
211403
211403
211403
211403
211403
211403
211403
211403
211404
211404
211404
211404
211404
211404
211404
211404
211404
211405
211405
211405
211405
211405
211405
211405
211405
211405
211406
211406
211406
211406
211406
211406
211406
211406
211406
211407
211407
211407
211407
211407
211407
211407
211407
211408
211408
211408
211408
211408
211408
211408
211408
211408
211409
211409
211409
211409
211409
211409
211409
211409
211409
211410
211410
211410
211410
211410
211410
211410
211410
211410
211410
211411
211411
211411
211411
211411
211411
211411
211411
211411
211412
211412
211412
211412
211412
211412
211412
211412
211412
211413
211413
211413
211413
211413
211413
211413
211413
211413
211414
211414
211414
211414
211414
211414
211414
211414
211414
211415
211415
211415
211415
211415
211415
211415
211415
211415
211416
211416
211416
211416
211416
211416
211416
211416
211416
211417
211417
211417
211417
211417
211417
211417
211417
211417
211418
211418
211418
211418
211418
211418
211418
211418
211418
211419
211419
211419
211419
211419
211419
211419
211419
211419
211420
211420
211420
211420
211420
211420
211420
211420
211420
211420
211421
211421
211421
211421
211421
211421
211421
211421
211421
211422
211422
211422
211422
211422
211422
211422
211422
211422
211423
211423
211423
211423
211423
211423
211423
211423
211423
211424
211424
211424
211424
211424
211424
211424
211424
211424
211425
211425
211425
211425
211425
211425
211425
211425
211425
211426
211426
211426
211426
211426
211426
211426
211426
211426
211427
211427
211427
211427
211427
211427
211427
211427
211427
211428
211428
211428
211428
211428
211428
211428
211428
211428
211429
211429
211429
211429
211429
211429
211429
211429
211429
211430
211430
211430
211430
211430
211430
211430
211430
211430
211431
211431
211431
211431
211431
211431
211431
211431
211431
211432
211432
211432
211432
211432
211432
211432
211432
211432
211433
211433
211433
211433
211433
211433
211433
211433
211433
211434
211434
211434
211434
211434
211434
211434
211434
211434
211435
211435
211435
211435
211435
211435
211435
211435
211435
211436
211436
211436
211436
211436
211436
211436
211436
211436
211436
211437
211437
211437
211437
211437
211437
211437
211437
211437
211438
211438
211438
211438
211438
211438
211438
211438
211438
211439
211439
211439
211439
211439
211439
211439
211439
211439
211440
211440
211440
211440
211440
211440
211440
211440
211440
211441
211441
211441
211441
211441
211441
211441
211441
211441
211442
211442
211442
211442
211442
211442
211442
211442
211442
211443
211443
211443
211443
211443
211443
211443
211443
211443
211444
211444
211444
211444
211444
211444
211444
211444
211444
211445
211445
211445
211445
211445
211445
211445
211445
211445
211446
211446
211446
211446
211446
211446
211446
211446
211446
211447
211447
211447
211447
211447
211447
211447
211447
211447
211448
211448
211448
211448
211448
211448
211448
211448
211448
211449
211449
211449
211449
211449
211449
211449
211449
211449
211450
211450
211450
211450
211450
211450
211450
211450
211450
211451
211451
211451
211451
211451
211451
211451
211451
211451
211452
211452
211452
211452
211452
211452
211452
211452
211452
211452
211453
211453
211453
211453
211453
211453
211453
211453
211453
211454
211454
211454
211454
211454
211454
211454
211454
211454
211455
211455
211455
211455
211455
211455
211455
211455
211455
211456
211456
211456
211456
211456
211456
211456
211456
211456
211457
211457
211457
211457
211457
211457
211457
211457
211457
211458
211458
211458
211458
211458
211458
211458
211458
211458
211459
211459
211459
211459
211459
211459
211459
211459
211459
211500
211500
211500
211500
211500
211500
211500
211500
211500
211501
211501
211501
211501
211501
211501
211501
211501
211501
211502
211502
211502
211502
211502
211502
211502
211502
211502
211503
211503
211503
211503
211503
211503
211503
211503
211503
211504
211504
211504
211504
211504
211504
211504
211504
211504
211505
211505
211505
211505
211505
211505
211505
211505
211505
211506
211506
211506
211506
211506
211506
211506
211506
211506
211507
211507
211507
211507
211507
211507
211507
211507
211507
211508
211508
211508
211508
211508
211508
211508
211508
211508
211509
211509
211509
211509
211509
211509
211509
211509
211509
211510
211510
211510
211510
211510
211510
211510
211510
211510
211511
211511
211511
211511
211511
211511
211511
211511
211511
211512
211512
211512
211512
211512
211512
211512
211512
211512
211513
211513
211513
211513
211513
211513
211513
211513
211513
211513
211514
211514
211514
211514
211514
211514
211514
211514
211515
211515
211515
211515
211515
211515
211515
211515
211515
211515
211516
211516
211516
211516
211516
211516
211516
211516
211516
211517
211517
211517
211517
211517
211517
211517
211517
211518
211518
211518
211518
211518
211518
211518
211518
211518
211519
211519
211519
211519
211519
211519
211519
211519
211519
211520
211520
211520
211520
211520
211520
211520
211520
211520
211521
211521
211521
211521
211521
211521
211521
211521
211521
211522
211522
211522
211522
211522
211522
211522
211522
211522
211523
211523
211523
211523
211523
211523
211523
211523
211523
211523
211524
211524
211524
211524
211524
211524
211524
211524
211524
211525
211525
211525
211525
211525
211525
211525
211525
211525
211526
211526
211526
211526
211526
211526
211526
211526
211526
211527
211527
211527
211527
211527
211527
211527
211527
211527
211528
211528
211528
211528
211528
211528
211528
211528
211528
211529
211529
211529
211529
211529
211529
211529
211529
211529
211530
211530
211530
211530
211530
211530
211530
211530
211530
211531
211531
211531
211531
211531
211531
211531
211531
211531
211532
211532
211532
211532
211532
211532
211532
211532
211533
211533
211533
211533
211533
211533
211533
211533
211533
211534
211534
211534
211534
211534
211534
211534
211534
211534
211534
211535
211535
211535
211535
211535
211535
211535
211535
211535
211536
211536
211536
211536
211536
211536
211536
211536
211536
211537
211537
211537
211537
211537
211537
211537
211537
211537
211538
211538
211538
211538
211538
211538
211538
211538
211538
211539
211539
211539
211539
211539
211539
211539
211539
211539
211540
211540
211540
211540
211540
211540
211540
211540
211540
211541
211541
211541
211541
211541
211541
211541
211541
211541
211542
211542
211542
211542
211542
211542
211542
211542
211542
211543
211543
211543
211543
211543
211543
211543
211543
211543
211543
211544
211544
211544
211544
211544
211544
211544
211544
211544
211545
211545
211545
211545
211545
211545
211545
211545
211545
211546
211546
211546
211546
211546
211546
211546
211546
211546
211547
211547
211547
211547
211547
211547
211547
211547
211547
211548
211548
211548
211548
211548
211548
211548
211548
211548
211549
211549
211549
211549
211549
211549
211549
211549
211549
211550
211550
211550
211550
211550
211550
211550
211550
211550
211551
211551
211551
211551
211551
211551
211551
211551
211551
211552
211552
211552
211552
211552
211552
211552
211552
211552
211553
211553
211553
211553
211553
211553
211553
211553
211553
211554
211554
211554
211554
211554
211554
211554
211554
211554
211555
211555
211555
211555
211555
211555
211555
211555
211555
211556
211556
211556
211556
211556
211556
211556
211556
211556
211556
211557
211557
211557
211557
211557
211557
211557
211557
211557
211558
211558
211558
211558
211558
211558
211558
211558
211558
211559
211559
211559
211559
211559
211559
211559
211559
211559
211600
211600
211600
211600
211600
211600
211600
211600
211600
211601
211601
211601
211601
211601
211601
211601
211601
211601
211602
211602
211602
211602
211602
211602
211602
211602
211602
211603
211603
211603
211603
211603
211603
211603
211603
211603
211604
211604
211604
211604
211604
211604
211604
211604
211604
211605
211605
211605
211605
211605
211605
211605
211605
211605
211605
211606
211606
211606
211606
211606
211606
211606
211606
211606
211607
211607
211607
211607
211607
211607
211607
211607
211607
211608
211608
211608
211608
211608
211608
211608
211608
211608
211609
211609
211609
211609
211609
211609
211609
211609
211609
211610
211610
211610
211610
211610
211610
211610
211610
211610
211611
211611
211611
211611
211611
211611
211611
211611
211611
211612
211612
211612
211612
211612
211612
211612
211612
211612
211613
211613
211613
211613
211613
211613
211613
211613
211613
211614
211614
211614
211614
211614
211614
211614
211614
211614
211615
211615
211615
211615
211615
211615
211615
211615
211615
211616
211616
211616
211616
211616
211616
211616
211616
211616
211616
211617
211617
211617
211617
211617
211617
211617
211617
211617
211618
211618
211618
211618
211618
211618
211618
211618
211618
211619
211619
211619
211619
211619
211619
211619
211619
211619
211620
211620
211620
211620
211620
211620
211620
211620
211620
211621
211621
211621
211621
211621
211621
211621
211621
211621
211622
211622
211622
211622
211622
211622
211622
211622
211622
211623
211623
211623
211623
211623
211623
211623
211624
211624
211624
211624
211624
211624
211624
211624
211625
211625
211625
211625
211625
211625
211625
211625
211625
211626
211626
211626
211626
211626
211626
211626
211626
211626
211627
211627
211627
211627
211627
211627
211627
211627
211627
211628
211628
211628
211628
211628
211628
211628
211628
211628
211629
211629
211629
211629
211629
211629
211629
211629
211629
211630
211630
211630
211630
211630
211630
211630
211630
211630
211631
211631
211631
211631
211631
211631
211631
211631
211631
211632
211632
211632
211632
211632
211632
211632
211632
211632
211633
211633
211633
211633
211633
211633
211633
211633
211633
211634
211634
211634
211634
211634
211634
211634
211634
211634
211635
211635
211635
211635
211635
211635
211635
211635
211635
211635
211636
211636
211636
211636
211636
211636
211636
211636
211636
211637
211637
211637
211637
211637
211637
211637
211637
211637
211638
211638
211638
211638
211638
211638
211638
211638
211638
211639
211639
211639
211639
211639
211639
211639
211639
211639
211640
211640
211640
211640
211640
211640
211640
211640
211640
211641
211641
211641
211641
211641
211641
211641
211641
211641
211642
211642
211642
211642
211642
211642
211642
211642
211642
211642
211643
211643
211643
211643
211643
211643
211643
211643
211643
211644
211644
211644
211644
211644
211644
211644
211644
211644
211645
211645
211645
211645
211645
211645
211645
211645
211645
211646
211646
211646
211646
211646
211646
211646
211646
211646
211647
211647
211647
211647
211647
211647
211647
211647
211647
211648
211648
211648
211648
211648
211648
211648
211648
211648
211649
211649
211649
211649
211649
211649
211649
211649
211649
211650
211650
211650
211650
211650
211650
211650
211650
211650
211651
211651
211651
211651
211651
211651
211651
211651
211651
211652
211652
211652
211652
211652
211652
211652
211652
211652
211653
211653
211653
211653
211653
211653
211653
211653
211653
211654
211654
211654
211654
211654
211654
211654
211654
211654
211655
211655
211655
211655
211655
211655
211655
211655
211655
211656
211656
211656
211656
211656
211656
211656
211656
211656
211656
211657
211657
211657
211657
211657
211657
211657
211657
211657
211658
211658
211658
211658
211658
211658
211658
211658
211658
211659
211659
211659
211659
211659
211659
211659
211659
211659
211700
211700
211700
211700
211700
211700
211700
211700
211700
211701
211701
211701
211701
211701
211701
211701
211701
211701
211702
211702
211702
211702
211702
211702
211702
211702
211702
211703
211703
211703
211703
211703
211703
211703
211703
211703
211704
211704
211704
211704
211704
211704
211704
211704
211704
211705
211705
211705
211705
211705
211705
211705
211705
211705
211706
211706
211706
211706
211706
211706
211706
211706
211706
211707
211707
211707
211707
211707
211707
211707
211707
211707
211708
211708
211708
211708
211708
211708
211708
211708
211708
211709
211709
211709
211709
211709
211709
211709
211709
211709
211710
211710
211710
211710
211710
211710
211710
211711
211711
211711
211711
211711
211711
211711
211711
211711
211711
211712
211712
211712
211712
211712
211712
211712
211712
211712
211713
211713
211713
211713
211713
211713
211713
211713
211713
211714
211714
211714
211714
211714
211714
211714
211714
211714
211715
211715
211715
211715
211715
211715
211715
211715
211715
211716
211716
211716
211716
211716
211716
211716
211716
211716
211717
211717
211717
211717
211717
211717
211717
211717
211717
211718
211718
211718
211718
211718
211718
211718
211718
211718
211719
211719
211719
211719
211719
211719
211719
211719
211719
211720
211720
211720
211720
211720
211720
211720
211720
211721
211721
211721
211721
211721
211721
211721
211721
211721
211722
211722
211722
211722
211722
211722
211722
211722
211722
211723
211723
211723
211723
211723
211723
211723
211723
211723
211724
211724
211724
211724
211724
211724
211724
211724
211724
211725
211725
211725
211725
211725
211725
211725
211725
211725
211726
211726
211726
211726
211726
211726
211726
211726
211726
211727
211727
211727
211727
211727
211727
211727
211727
211727
211728
211728
211728
211728
211728
211728
211728
211728
211728
211729
211729
211729
211729
211729
211729
211729
211729
211729
211730
211730
211730
211730
211730
211730
211730
211730
211730
211731
211731
211731
211731
211731
211731
211731
211731
211731
211732
211732
211732
211732
211732
211732
211732
211732
211732
211733
211733
211733
211733
211733
211733
211733
211733
211733
211734
211734
211734
211734
211734
211734
211734
211734
211734
211735
211735
211735
211735
211735
211735
211735
211735
211735
211736
211736
211736
211736
211736
211736
211736
211736
211736
211737
211737
211737
211737
211737
211737
211737
211737
211737
211738
211738
211738
211738
211738
211738
211738
211738
211738
211738
211739
211739
211739
211739
211739
211739
211739
211739
211739
211740
211740
211740
211740
211740
211740
211740
211740
211740
211741
211741
211741
211741
211741
211741
211741
211741
211741
211742
211742
211742
211742
211742
211742
211742
211742
211742
211743
211743
211743
211743
211743
211743
211743
211743
211743
211744
211744
211744
211744
211744
211744
211744
211744
211744
211745
211745
211745
211745
211745
211745
211745
211745
211745
211746
211746
211746
211746
211746
211746
211746
211746
211746
211747
211747
211747
211747
211747
211747
211747
211747
211747
211748
211748
211748
211748
211748
211748
211748
211748
211748
211749
211749
211749
211749
211749
211749
211749
211749
211749
211750
211750
211750
211750
211750
211750
211750
211750
211750
211750
211751
211751
211751
211751
211751
211751
211751
211751
211751
211752
211752
211752
211752
211752
211752
211752
211752
211752
211753
211753
211753
211753
211753
211753
211753
211753
211753
211754
211754
211754
211754
211754
211754
211754
211754
211754
211755
211755
211755
211755
211755
211755
211755
211755
211755
211756
211756
211756
211756
211756
211756
211756
211756
211756
211757
211757
211757
211757
211757
211757
211757
211757
211757
211758
211758
211758
211758
211758
211758
211758
211758
211758
211759
211759
211759
211759
211759
211759
211759
211759
211759
211759
211800
211800
211800
211800
211800
211800
211800
211800
211800
211801
211801
211801
211801
211801
211801
211801
211801
211801
211802
211802
211802
211802
211802
211802
211802
211802
211802
211803
211803
211803
211803
211803
211803
211803
211803
211803
211804
211804
211804
211804
211804
211804
211804
211804
211804
211805
211805
211805
211805
211805
211805
211805
211805
211805
211806
211806
211806
211806
211806
211806
211806
211806
211806
211807
211807
211807
211807
211807
211807
211807
211807
211807
211808
211808
211808
211808
211808
211808
211808
211808
211808
211809
211809
211809
211809
211809
211809
211809
211809
211809
211810
211810
211810
211810
211810
211810
211810
211810
211810
211811
211811
211811
211811
211811
211811
211811
211811
211811
211812
211812
211812
211812
211812
211812
211812
211812
211812
211813
211813
211813
211813
211813
211813
211813
211813
211813
211814
211814
211814
211814
211814
211814
211814
211814
211814
211815
211815
211815
211815
211815
211815
211815
211815
211815
211816
211816
211816
211816
211816
211816
211816
211816
211816
211817
211817
211817
211817
211817
211817
211817
211817
211817
211818
211818
211818
211818
211818
211818
211818
211818
211818
211819
211819
211819
211819
211819
211819
211819
211819
211819
211820
211820
211820
211820
211820
211820
211820
211820
211820
211821
211821
211821
211821
211821
211821
211821
211821
211821
211822
211822
211822
211822
211822
211822
211822
211822
211822
211823
211823
211823
211823
211823
211823
211823
211823
211824
211824
211824
211824
211824
211824
211824
211824
211824
211825
211825
211825
211825
211825
211825
211825
211825
211825
211826
211826
211826
211826
211826
211826
211826
211826
211826
211827
211827
211827
211827
211827
211827
211827
211827
211827
211828
211828
211828
211828
211828
211828
211828
211828
211828
211829
211829
211829
211829
211829
211829
211829
211829
211829
211830
211830
211830
211830
211830
211830
211830
211830
211830
211831
211831
211831
211831
211831
211831
211831
211831
211831
211832
211832
211832
211832
211832
211832
211832
211832
211832
211832
211833
211833
211833
211833
211833
211833
211833
211833
211833
211834
211834
211834
211834
211834
211834
211834
211834
211835
211835
211835
211835
211835
211835
211835
211835
211835
211836
211836
211836
211836
211836
211836
211836
211836
211836
211837
211837
211837
211837
211837
211837
211837
211837
211837
211838
211838
211838
211838
211838
